2024-07-04 18:15:39.594 [pool-4-thread-1] ERROR m.o.a.p.m.m.s.e.MissionExecutionServiceImpl - Error while validating prj file: org.springframework.dao.InvalidDataAccessApiUsageException: EntityManagerFactory is closed
java.util.concurrent.CompletionException: org.springframework.dao.InvalidDataAccessApiUsageException: EntityManagerFactory is closed
	at java.base/java.util.concurrent.CompletableFuture.encodeThrowable(CompletableFuture.java:315)
	at java.base/java.util.concurrent.CompletableFuture.completeThrowable(CompletableFuture.java:320)
	at java.base/java.util.concurrent.CompletableFuture$AsyncRun.run(CompletableFuture.java:1807)
	at java.base/java.util.concurrent.ThreadPoolExecutor.runWorker(ThreadPoolExecutor.java:1144)
	at java.base/java.util.concurrent.ThreadPoolExecutor$Worker.run(ThreadPoolExecutor.java:642)
	at java.base/java.lang.Thread.run(Thread.java:1570)
Caused by: org.springframework.dao.InvalidDataAccessApiUsageException: EntityManagerFactory is closed
	at org.springframework.orm.jpa.EntityManagerFactoryUtils.convertJpaAccessExceptionIfPossible(EntityManagerFactoryUtils.java:368)
	at org.springframework.orm.jpa.vendor.HibernateJpaDialect.translateExceptionIfPossible(HibernateJpaDialect.java:246)
	at org.springframework.orm.jpa.AbstractEntityManagerFactoryBean.translateExceptionIfPossible(AbstractEntityManagerFactoryBean.java:550)
	at org.springframework.dao.support.ChainedPersistenceExceptionTranslator.translateExceptionIfPossible(ChainedPersistenceExceptionTranslator.java:61)
	at org.springframework.dao.support.DataAccessUtils.translateIfNecessary(DataAccessUtils.java:335)
	at org.springframework.dao.support.PersistenceExceptionTranslationInterceptor.invoke(PersistenceExceptionTranslationInterceptor.java:160)
	at org.springframework.aop.framework.ReflectiveMethodInvocation.proceed(ReflectiveMethodInvocation.java:184)
	at org.springframework.data.jpa.repository.support.CrudMethodMetadataPostProcessor$CrudMethodMetadataPopulatingMethodInterceptor.invoke(CrudMethodMetadataPostProcessor.java:136)
	at org.springframework.aop.framework.ReflectiveMethodInvocation.proceed(ReflectiveMethodInvocation.java:184)
	at org.springframework.aop.interceptor.ExposeInvocationInterceptor.invoke(ExposeInvocationInterceptor.java:97)
	at org.springframework.aop.framework.ReflectiveMethodInvocation.proceed(ReflectiveMethodInvocation.java:184)
	at org.springframework.aop.framework.JdkDynamicAopProxy.invoke(JdkDynamicAopProxy.java:223)
	at jdk.proxy4/jdk.proxy4.$Proxy203.findPhotoPlanificationByNomAndBandeNomAndMissionCode(Unknown Source)
	at ma.org.ancfcc.pva.modules.mission.photo.planification.service.PhotoPlanificationServiceImpl.findPhotoPlanificationByNomAndBandeNomAndMissionCode(PhotoPlanificationServiceImpl.java:112)
	at java.base/jdk.internal.reflect.DirectMethodHandleAccessor.invoke(DirectMethodHandleAccessor.java:103)
	at java.base/java.lang.reflect.Method.invoke(Method.java:580)
	at org.springframework.aop.support.AopUtils.invokeJoinpointUsingReflection(AopUtils.java:354)
	at org.springframework.aop.framework.CglibAopProxy$DynamicAdvisedInterceptor.intercept(CglibAopProxy.java:716)
	at ma.org.ancfcc.pva.modules.mission.photo.planification.service.PhotoPlanificationServiceImpl$$SpringCGLIB$$0.findPhotoPlanificationByNomAndBandeNomAndMissionCode(<generated>)
	at ma.org.ancfcc.pva.modules.mission.service.execution.MissionExecutionServiceImpl.processMissionEOFeature(MissionExecutionServiceImpl.java:265)
	at ma.org.ancfcc.pva.modules.mission.service.execution.MissionExecutionServiceImpl.lambda$3(MissionExecutionServiceImpl.java:252)
	at ma.org.ancfcc.pva.core.threads.ThreadService.lambda$1(ThreadService.java:23)
	at java.base/java.util.concurrent.CompletableFuture$AsyncRun.run(CompletableFuture.java:1804)
	... 3 common frames omitted
Caused by: java.lang.IllegalStateException: EntityManagerFactory is closed
	at org.hibernate.internal.SessionFactoryImpl.validateNotClosed(SessionFactoryImpl.java:695)
	at org.hibernate.internal.SessionFactoryImpl.createEntityManager(SessionFactoryImpl.java:753)
	at org.hibernate.internal.SessionFactoryImpl.createEntityManager(SessionFactoryImpl.java:165)
	at java.base/jdk.internal.reflect.DirectMethodHandleAccessor.invoke(DirectMethodHandleAccessor.java:103)
	at java.base/java.lang.reflect.Method.invoke(Method.java:580)
	at org.springframework.orm.jpa.AbstractEntityManagerFactoryBean.invokeProxyMethod(AbstractEntityManagerFactoryBean.java:519)
	at org.springframework.orm.jpa.AbstractEntityManagerFactoryBean$ManagedEntityManagerFactoryInvocationHandler.invoke(AbstractEntityManagerFactoryBean.java:735)
	at jdk.proxy4/jdk.proxy4.$Proxy171.createEntityManager(Unknown Source)
	at org.springframework.orm.jpa.SharedEntityManagerCreator$SharedEntityManagerInvocationHandler.invoke(SharedEntityManagerCreator.java:313)
	at jdk.proxy4/jdk.proxy4.$Proxy176.createQuery(Unknown Source)
	at org.springframework.data.jpa.repository.query.AbstractStringBasedJpaQuery.createJpaQuery(AbstractStringBasedJpaQuery.java:184)
	at org.springframework.data.jpa.repository.query.AbstractStringBasedJpaQuery.doCreateQuery(AbstractStringBasedJpaQuery.java:124)
	at org.springframework.data.jpa.repository.query.AbstractJpaQuery.createQuery(AbstractJpaQuery.java:243)
	at org.springframework.data.jpa.repository.query.JpaQueryExecution$SingleEntityExecution.doExecute(JpaQueryExecution.java:223)
	at org.springframework.data.jpa.repository.query.JpaQueryExecution.execute(JpaQueryExecution.java:92)
	at org.springframework.data.jpa.repository.query.AbstractJpaQuery.doExecute(AbstractJpaQuery.java:152)
	at org.springframework.data.jpa.repository.query.AbstractJpaQuery.execute(AbstractJpaQuery.java:140)
	at org.springframework.data.repository.core.support.RepositoryMethodInvoker.doInvoke(RepositoryMethodInvoker.java:170)
	at org.springframework.data.repository.core.support.RepositoryMethodInvoker.invoke(RepositoryMethodInvoker.java:158)
	at org.springframework.data.repository.core.support.QueryExecutorMethodInterceptor.doInvoke(QueryExecutorMethodInterceptor.java:164)
	at org.springframework.data.repository.core.support.QueryExecutorMethodInterceptor.invoke(QueryExecutorMethodInterceptor.java:143)
	at org.springframework.aop.framework.ReflectiveMethodInvocation.proceed(ReflectiveMethodInvocation.java:184)
	at org.springframework.data.projection.DefaultMethodInvokingMethodInterceptor.invoke(DefaultMethodInvokingMethodInterceptor.java:70)
	at org.springframework.aop.framework.ReflectiveMethodInvocation.proceed(ReflectiveMethodInvocation.java:184)
	at org.springframework.transaction.interceptor.TransactionInterceptor$1.proceedWithInvocation(TransactionInterceptor.java:123)
	at org.springframework.transaction.interceptor.TransactionAspectSupport.invokeWithinTransaction(TransactionAspectSupport.java:392)
	at org.springframework.transaction.interceptor.TransactionInterceptor.invoke(TransactionInterceptor.java:119)
	at org.springframework.aop.framework.ReflectiveMethodInvocation.proceed(ReflectiveMethodInvocation.java:184)
	at org.springframework.dao.support.PersistenceExceptionTranslationInterceptor.invoke(PersistenceExceptionTranslationInterceptor.java:138)
	... 20 common frames omitted
2024-07-04 18:17:35.532 [pool-10-thread-9] ERROR m.o.a.p.m.m.s.e.MissionExecutionServiceImpl - Error while creating execution from shapefile: More than one row with the given identifier was found: f413a3ac-38cf-4d11-8288-11526b871d43, for class: ma.org.ancfcc.pva.modules.mission.photo.execution.PhotoExecution
org.springframework.orm.jpa.JpaSystemException: More than one row with the given identifier was found: f413a3ac-38cf-4d11-8288-11526b871d43, for class: ma.org.ancfcc.pva.modules.mission.photo.execution.PhotoExecution
	at org.springframework.orm.jpa.vendor.HibernateJpaDialect.convertHibernateAccessException(HibernateJpaDialect.java:341)
	at org.springframework.orm.jpa.vendor.HibernateJpaDialect.translateExceptionIfPossible(HibernateJpaDialect.java:241)
	at org.springframework.orm.jpa.AbstractEntityManagerFactoryBean.translateExceptionIfPossible(AbstractEntityManagerFactoryBean.java:550)
	at org.springframework.dao.support.ChainedPersistenceExceptionTranslator.translateExceptionIfPossible(ChainedPersistenceExceptionTranslator.java:61)
	at org.springframework.dao.support.DataAccessUtils.translateIfNecessary(DataAccessUtils.java:335)
	at org.springframework.dao.support.PersistenceExceptionTranslationInterceptor.invoke(PersistenceExceptionTranslationInterceptor.java:160)
	at org.springframework.aop.framework.ReflectiveMethodInvocation.proceed(ReflectiveMethodInvocation.java:184)
	at org.springframework.data.jpa.repository.support.CrudMethodMetadataPostProcessor$CrudMethodMetadataPopulatingMethodInterceptor.invoke(CrudMethodMetadataPostProcessor.java:136)
	at org.springframework.aop.framework.ReflectiveMethodInvocation.proceed(ReflectiveMethodInvocation.java:184)
	at org.springframework.aop.interceptor.ExposeInvocationInterceptor.invoke(ExposeInvocationInterceptor.java:97)
	at org.springframework.aop.framework.ReflectiveMethodInvocation.proceed(ReflectiveMethodInvocation.java:184)
	at org.springframework.aop.framework.JdkDynamicAopProxy.invoke(JdkDynamicAopProxy.java:223)
	at jdk.proxy5/jdk.proxy5.$Proxy244.findPhotoPlanificationByLabelAndBandeId(Unknown Source)
	at ma.org.ancfcc.pva.modules.mission.photo.planification.service.PhotoPlanificationServiceImpl.findPhotoPlanificationByLabelAndBandeId(PhotoPlanificationServiceImpl.java:106)
	at java.base/jdk.internal.reflect.DirectMethodHandleAccessor.invoke(DirectMethodHandleAccessor.java:103)
	at java.base/java.lang.reflect.Method.invoke(Method.java:580)
	at org.springframework.aop.support.AopUtils.invokeJoinpointUsingReflection(AopUtils.java:354)
	at org.springframework.aop.framework.CglibAopProxy$DynamicAdvisedInterceptor.intercept(CglibAopProxy.java:716)
	at ma.org.ancfcc.pva.modules.mission.photo.planification.service.PhotoPlanificationServiceImpl$$SpringCGLIB$$0.findPhotoPlanificationByLabelAndBandeId(<generated>)
	at ma.org.ancfcc.pva.modules.mission.service.execution.MissionExecutionServiceImpl.getPhotoPlanificationByBandeAndMission(MissionExecutionServiceImpl.java:208)
	at ma.org.ancfcc.pva.modules.mission.service.execution.MissionExecutionServiceImpl.createPhotoExecutionFromShpFeature(MissionExecutionServiceImpl.java:176)
	at ma.org.ancfcc.pva.modules.mission.service.execution.MissionExecutionServiceImpl.processNumeriqueFeature(MissionExecutionServiceImpl.java:126)
	at ma.org.ancfcc.pva.modules.mission.service.execution.MissionExecutionServiceImpl.processNumeriqueShapefiles(MissionExecutionServiceImpl.java:109)
	at ma.org.ancfcc.pva.modules.mission.service.execution.MissionExecutionServiceImpl.uploadNumeriqueExecutionShapefile(MissionExecutionServiceImpl.java:94)
	at java.base/jdk.internal.reflect.DirectMethodHandleAccessor.invoke(DirectMethodHandleAccessor.java:103)
	at java.base/java.lang.reflect.Method.invoke(Method.java:580)
	at org.springframework.aop.support.AopUtils.invokeJoinpointUsingReflection(AopUtils.java:354)
	at org.springframework.aop.framework.CglibAopProxy$DynamicAdvisedInterceptor.intercept(CglibAopProxy.java:716)
	at ma.org.ancfcc.pva.modules.mission.service.execution.MissionExecutionServiceImpl$$SpringCGLIB$$0.uploadNumeriqueExecutionShapefile(<generated>)
	at ma.org.ancfcc.pva.seeder.data.mission.MissionLevelTwoSeeder.uploadExecutionShapefiles(MissionLevelTwoSeeder.java:259)
	at ma.org.ancfcc.pva.seeder.data.mission.MissionLevelTwoSeeder.processExecutionDateFolder(MissionLevelTwoSeeder.java:246)
	at ma.org.ancfcc.pva.seeder.data.mission.MissionLevelTwoSeeder.processNumeriqueExecutionMissionFiles(MissionLevelTwoSeeder.java:233)
	at ma.org.ancfcc.pva.seeder.data.mission.MissionLevelTwoSeeder.handleMission(MissionLevelTwoSeeder.java:180)
	at ma.org.ancfcc.pva.seeder.data.mission.MissionLevelTwoSeeder.lambda$9(MissionLevelTwoSeeder.java:153)
	at java.base/java.util.Optional.ifPresentOrElse(Optional.java:196)
	at ma.org.ancfcc.pva.seeder.data.mission.MissionLevelTwoSeeder.processNumeriqueMissionFolder(MissionLevelTwoSeeder.java:152)
	at ma.org.ancfcc.pva.seeder.data.mission.MissionLevelTwoSeeder.lambda$8(MissionLevelTwoSeeder.java:134)
	at java.base/java.util.concurrent.Executors$RunnableAdapter.call(Executors.java:572)
	at java.base/java.util.concurrent.FutureTask.run(FutureTask.java:317)
	at java.base/java.util.concurrent.ThreadPoolExecutor.runWorker(ThreadPoolExecutor.java:1144)
	at java.base/java.util.concurrent.ThreadPoolExecutor$Worker.run(ThreadPoolExecutor.java:642)
	at java.base/java.lang.Thread.run(Thread.java:1570)
Caused by: org.hibernate.HibernateException: More than one row with the given identifier was found: f413a3ac-38cf-4d11-8288-11526b871d43, for class: ma.org.ancfcc.pva.modules.mission.photo.execution.PhotoExecution
	at org.hibernate.loader.ast.internal.SingleUniqueKeyEntityLoaderStandard.load(SingleUniqueKeyEntityLoaderStandard.java:146)
	at org.hibernate.persister.entity.AbstractEntityPersister.loadByUniqueKey(AbstractEntityPersister.java:2645)
	at org.hibernate.persister.entity.AbstractEntityPersister.loadByUniqueKey(AbstractEntityPersister.java:2637)
	at org.hibernate.sql.results.graph.entity.internal.EntitySelectFetchByUniqueKeyInitializer.initializeInstance(EntitySelectFetchByUniqueKeyInitializer.java:96)
	at org.hibernate.sql.results.internal.InitializersList.initializeInstance(InitializersList.java:73)
	at org.hibernate.sql.results.internal.StandardRowReader.coordinateInitializers(StandardRowReader.java:113)
	at org.hibernate.sql.results.internal.StandardRowReader.readRow(StandardRowReader.java:87)
	at org.hibernate.sql.results.spi.ListResultsConsumer.consume(ListResultsConsumer.java:205)
	at org.hibernate.sql.results.spi.ListResultsConsumer.consume(ListResultsConsumer.java:33)
	at org.hibernate.sql.exec.internal.JdbcSelectExecutorStandardImpl.doExecuteQuery(JdbcSelectExecutorStandardImpl.java:211)
	at org.hibernate.sql.exec.internal.JdbcSelectExecutorStandardImpl.executeQuery(JdbcSelectExecutorStandardImpl.java:83)
	at org.hibernate.sql.exec.spi.JdbcSelectExecutor.list(JdbcSelectExecutor.java:76)
	at org.hibernate.sql.exec.spi.JdbcSelectExecutor.list(JdbcSelectExecutor.java:65)
	at org.hibernate.query.sqm.internal.ConcreteSqmSelectQueryPlan.lambda$new$2(ConcreteSqmSelectQueryPlan.java:139)
	at org.hibernate.query.sqm.internal.ConcreteSqmSelectQueryPlan.withCacheableSqmInterpretation(ConcreteSqmSelectQueryPlan.java:382)
	at org.hibernate.query.sqm.internal.ConcreteSqmSelectQueryPlan.performList(ConcreteSqmSelectQueryPlan.java:302)
	at org.hibernate.query.sqm.internal.QuerySqmImpl.doList(QuerySqmImpl.java:526)
	at org.hibernate.query.spi.AbstractSelectionQuery.list(AbstractSelectionQuery.java:423)
	at org.hibernate.query.spi.AbstractSelectionQuery.getSingleResult(AbstractSelectionQuery.java:555)
	at java.base/jdk.internal.reflect.DirectMethodHandleAccessor.invoke(DirectMethodHandleAccessor.java:103)
	at java.base/java.lang.reflect.Method.invoke(Method.java:580)
	at org.springframework.orm.jpa.SharedEntityManagerCreator$DeferredQueryInvocationHandler.invoke(SharedEntityManagerCreator.java:418)
	at jdk.proxy5/jdk.proxy5.$Proxy252.getSingleResult(Unknown Source)
	at org.springframework.data.jpa.repository.query.JpaQueryExecution$SingleEntityExecution.doExecute(JpaQueryExecution.java:223)
	at org.springframework.data.jpa.repository.query.JpaQueryExecution.execute(JpaQueryExecution.java:92)
	at org.springframework.data.jpa.repository.query.AbstractJpaQuery.doExecute(AbstractJpaQuery.java:152)
	at org.springframework.data.jpa.repository.query.AbstractJpaQuery.execute(AbstractJpaQuery.java:140)
	at org.springframework.data.repository.core.support.RepositoryMethodInvoker.doInvoke(RepositoryMethodInvoker.java:170)
	at org.springframework.data.repository.core.support.RepositoryMethodInvoker.invoke(RepositoryMethodInvoker.java:158)
	at org.springframework.data.repository.core.support.QueryExecutorMethodInterceptor.doInvoke(QueryExecutorMethodInterceptor.java:164)
	at org.springframework.data.repository.core.support.QueryExecutorMethodInterceptor.invoke(QueryExecutorMethodInterceptor.java:143)
	at org.springframework.aop.framework.ReflectiveMethodInvocation.proceed(ReflectiveMethodInvocation.java:184)
	at org.springframework.data.projection.DefaultMethodInvokingMethodInterceptor.invoke(DefaultMethodInvokingMethodInterceptor.java:70)
	at org.springframework.aop.framework.ReflectiveMethodInvocation.proceed(ReflectiveMethodInvocation.java:184)
	at org.springframework.transaction.interceptor.TransactionInterceptor$1.proceedWithInvocation(TransactionInterceptor.java:123)
	at org.springframework.transaction.interceptor.TransactionAspectSupport.invokeWithinTransaction(TransactionAspectSupport.java:392)
	at org.springframework.transaction.interceptor.TransactionInterceptor.invoke(TransactionInterceptor.java:119)
	at org.springframework.aop.framework.ReflectiveMethodInvocation.proceed(ReflectiveMethodInvocation.java:184)
	at org.springframework.dao.support.PersistenceExceptionTranslationInterceptor.invoke(PersistenceExceptionTranslationInterceptor.java:138)
	... 36 common frames omitted
2024-07-04 18:17:35.535 [pool-10-thread-9] ERROR m.o.a.p.m.m.s.e.MissionExecutionServiceImpl - Error processing shapefiles for mission 37a87986-b958-4ad9-a653-2db0a8e1894e: [title]Invalid Shapefile[/title][mainMessage]Error processing shapefile: More than one row with the given identifier was found: f413a3ac-38cf-4d11-8288-11526b871d43, for class: ma.org.ancfcc.pva.modules.mission.photo.execution.PhotoExecution[/mainMessage][subMessage]Please check the mission execution attributes[/subMessage]
ma.org.ancfcc.pva.core.exceptions.handlers.ShapefileProcessingException: [title]Invalid Shapefile[/title][mainMessage]Error processing shapefile: More than one row with the given identifier was found: f413a3ac-38cf-4d11-8288-11526b871d43, for class: ma.org.ancfcc.pva.modules.mission.photo.execution.PhotoExecution[/mainMessage][subMessage]Please check the mission execution attributes[/subMessage]
	at ma.org.ancfcc.pva.modules.mission.service.execution.MissionExecutionServiceImpl.processNumeriqueFeature(MissionExecutionServiceImpl.java:134)
	at ma.org.ancfcc.pva.modules.mission.service.execution.MissionExecutionServiceImpl.processNumeriqueShapefiles(MissionExecutionServiceImpl.java:109)
	at ma.org.ancfcc.pva.modules.mission.service.execution.MissionExecutionServiceImpl.uploadNumeriqueExecutionShapefile(MissionExecutionServiceImpl.java:94)
	at java.base/jdk.internal.reflect.DirectMethodHandleAccessor.invoke(DirectMethodHandleAccessor.java:103)
	at java.base/java.lang.reflect.Method.invoke(Method.java:580)
	at org.springframework.aop.support.AopUtils.invokeJoinpointUsingReflection(AopUtils.java:354)
	at org.springframework.aop.framework.CglibAopProxy$DynamicAdvisedInterceptor.intercept(CglibAopProxy.java:716)
	at ma.org.ancfcc.pva.modules.mission.service.execution.MissionExecutionServiceImpl$$SpringCGLIB$$0.uploadNumeriqueExecutionShapefile(<generated>)
	at ma.org.ancfcc.pva.seeder.data.mission.MissionLevelTwoSeeder.uploadExecutionShapefiles(MissionLevelTwoSeeder.java:259)
	at ma.org.ancfcc.pva.seeder.data.mission.MissionLevelTwoSeeder.processExecutionDateFolder(MissionLevelTwoSeeder.java:246)
	at ma.org.ancfcc.pva.seeder.data.mission.MissionLevelTwoSeeder.processNumeriqueExecutionMissionFiles(MissionLevelTwoSeeder.java:233)
	at ma.org.ancfcc.pva.seeder.data.mission.MissionLevelTwoSeeder.handleMission(MissionLevelTwoSeeder.java:180)
	at ma.org.ancfcc.pva.seeder.data.mission.MissionLevelTwoSeeder.lambda$9(MissionLevelTwoSeeder.java:153)
	at java.base/java.util.Optional.ifPresentOrElse(Optional.java:196)
	at ma.org.ancfcc.pva.seeder.data.mission.MissionLevelTwoSeeder.processNumeriqueMissionFolder(MissionLevelTwoSeeder.java:152)
	at ma.org.ancfcc.pva.seeder.data.mission.MissionLevelTwoSeeder.lambda$8(MissionLevelTwoSeeder.java:134)
	at java.base/java.util.concurrent.Executors$RunnableAdapter.call(Executors.java:572)
	at java.base/java.util.concurrent.FutureTask.run(FutureTask.java:317)
	at java.base/java.util.concurrent.ThreadPoolExecutor.runWorker(ThreadPoolExecutor.java:1144)
	at java.base/java.util.concurrent.ThreadPoolExecutor$Worker.run(ThreadPoolExecutor.java:642)
	at java.base/java.lang.Thread.run(Thread.java:1570)
2024-07-04 18:17:55.281 [pool-10-thread-4] ERROR m.o.a.p.m.m.s.e.MissionExecutionServiceImpl - Error while creating execution from shapefile: More than one row with the given identifier was found: 8fa11bba-014a-4821-b297-304673006c24, for class: ma.org.ancfcc.pva.modules.mission.photo.execution.PhotoExecution
org.springframework.orm.jpa.JpaSystemException: More than one row with the given identifier was found: 8fa11bba-014a-4821-b297-304673006c24, for class: ma.org.ancfcc.pva.modules.mission.photo.execution.PhotoExecution
	at org.springframework.orm.jpa.vendor.HibernateJpaDialect.convertHibernateAccessException(HibernateJpaDialect.java:341)
	at org.springframework.orm.jpa.vendor.HibernateJpaDialect.translateExceptionIfPossible(HibernateJpaDialect.java:241)
	at org.springframework.orm.jpa.AbstractEntityManagerFactoryBean.translateExceptionIfPossible(AbstractEntityManagerFactoryBean.java:550)
	at org.springframework.dao.support.ChainedPersistenceExceptionTranslator.translateExceptionIfPossible(ChainedPersistenceExceptionTranslator.java:61)
	at org.springframework.dao.support.DataAccessUtils.translateIfNecessary(DataAccessUtils.java:335)
	at org.springframework.dao.support.PersistenceExceptionTranslationInterceptor.invoke(PersistenceExceptionTranslationInterceptor.java:160)
	at org.springframework.aop.framework.ReflectiveMethodInvocation.proceed(ReflectiveMethodInvocation.java:184)
	at org.springframework.data.jpa.repository.support.CrudMethodMetadataPostProcessor$CrudMethodMetadataPopulatingMethodInterceptor.invoke(CrudMethodMetadataPostProcessor.java:136)
	at org.springframework.aop.framework.ReflectiveMethodInvocation.proceed(ReflectiveMethodInvocation.java:184)
	at org.springframework.aop.interceptor.ExposeInvocationInterceptor.invoke(ExposeInvocationInterceptor.java:97)
	at org.springframework.aop.framework.ReflectiveMethodInvocation.proceed(ReflectiveMethodInvocation.java:184)
	at org.springframework.aop.framework.JdkDynamicAopProxy.invoke(JdkDynamicAopProxy.java:223)
	at jdk.proxy5/jdk.proxy5.$Proxy244.findPhotoPlanificationByLabelAndBandeId(Unknown Source)
	at ma.org.ancfcc.pva.modules.mission.photo.planification.service.PhotoPlanificationServiceImpl.findPhotoPlanificationByLabelAndBandeId(PhotoPlanificationServiceImpl.java:106)
	at java.base/jdk.internal.reflect.DirectMethodHandleAccessor.invoke(DirectMethodHandleAccessor.java:103)
	at java.base/java.lang.reflect.Method.invoke(Method.java:580)
	at org.springframework.aop.support.AopUtils.invokeJoinpointUsingReflection(AopUtils.java:354)
	at org.springframework.aop.framework.CglibAopProxy$DynamicAdvisedInterceptor.intercept(CglibAopProxy.java:716)
	at ma.org.ancfcc.pva.modules.mission.photo.planification.service.PhotoPlanificationServiceImpl$$SpringCGLIB$$0.findPhotoPlanificationByLabelAndBandeId(<generated>)
	at ma.org.ancfcc.pva.modules.mission.service.execution.MissionExecutionServiceImpl.getPhotoPlanificationByBandeAndMission(MissionExecutionServiceImpl.java:208)
	at ma.org.ancfcc.pva.modules.mission.service.execution.MissionExecutionServiceImpl.createPhotoExecutionFromShpFeature(MissionExecutionServiceImpl.java:176)
	at ma.org.ancfcc.pva.modules.mission.service.execution.MissionExecutionServiceImpl.processNumeriqueFeature(MissionExecutionServiceImpl.java:126)
	at ma.org.ancfcc.pva.modules.mission.service.execution.MissionExecutionServiceImpl.processNumeriqueShapefiles(MissionExecutionServiceImpl.java:109)
	at ma.org.ancfcc.pva.modules.mission.service.execution.MissionExecutionServiceImpl.uploadNumeriqueExecutionShapefile(MissionExecutionServiceImpl.java:94)
	at java.base/jdk.internal.reflect.DirectMethodHandleAccessor.invoke(DirectMethodHandleAccessor.java:103)
	at java.base/java.lang.reflect.Method.invoke(Method.java:580)
	at org.springframework.aop.support.AopUtils.invokeJoinpointUsingReflection(AopUtils.java:354)
	at org.springframework.aop.framework.CglibAopProxy$DynamicAdvisedInterceptor.intercept(CglibAopProxy.java:716)
	at ma.org.ancfcc.pva.modules.mission.service.execution.MissionExecutionServiceImpl$$SpringCGLIB$$0.uploadNumeriqueExecutionShapefile(<generated>)
	at ma.org.ancfcc.pva.seeder.data.mission.MissionLevelTwoSeeder.uploadExecutionShapefiles(MissionLevelTwoSeeder.java:259)
	at ma.org.ancfcc.pva.seeder.data.mission.MissionLevelTwoSeeder.processExecutionDateFolder(MissionLevelTwoSeeder.java:246)
	at ma.org.ancfcc.pva.seeder.data.mission.MissionLevelTwoSeeder.processNumeriqueExecutionMissionFiles(MissionLevelTwoSeeder.java:233)
	at ma.org.ancfcc.pva.seeder.data.mission.MissionLevelTwoSeeder.handleMission(MissionLevelTwoSeeder.java:180)
	at ma.org.ancfcc.pva.seeder.data.mission.MissionLevelTwoSeeder.lambda$9(MissionLevelTwoSeeder.java:153)
	at java.base/java.util.Optional.ifPresentOrElse(Optional.java:196)
	at ma.org.ancfcc.pva.seeder.data.mission.MissionLevelTwoSeeder.processNumeriqueMissionFolder(MissionLevelTwoSeeder.java:152)
	at ma.org.ancfcc.pva.seeder.data.mission.MissionLevelTwoSeeder.lambda$8(MissionLevelTwoSeeder.java:134)
	at java.base/java.util.concurrent.Executors$RunnableAdapter.call(Executors.java:572)
	at java.base/java.util.concurrent.FutureTask.run(FutureTask.java:317)
	at java.base/java.util.concurrent.ThreadPoolExecutor.runWorker(ThreadPoolExecutor.java:1144)
	at java.base/java.util.concurrent.ThreadPoolExecutor$Worker.run(ThreadPoolExecutor.java:642)
	at java.base/java.lang.Thread.run(Thread.java:1570)
Caused by: org.hibernate.HibernateException: More than one row with the given identifier was found: 8fa11bba-014a-4821-b297-304673006c24, for class: ma.org.ancfcc.pva.modules.mission.photo.execution.PhotoExecution
	at org.hibernate.loader.ast.internal.SingleUniqueKeyEntityLoaderStandard.load(SingleUniqueKeyEntityLoaderStandard.java:146)
	at org.hibernate.persister.entity.AbstractEntityPersister.loadByUniqueKey(AbstractEntityPersister.java:2645)
	at org.hibernate.persister.entity.AbstractEntityPersister.loadByUniqueKey(AbstractEntityPersister.java:2637)
	at org.hibernate.sql.results.graph.entity.internal.EntitySelectFetchByUniqueKeyInitializer.initializeInstance(EntitySelectFetchByUniqueKeyInitializer.java:96)
	at org.hibernate.sql.results.internal.InitializersList.initializeInstance(InitializersList.java:73)
	at org.hibernate.sql.results.internal.StandardRowReader.coordinateInitializers(StandardRowReader.java:113)
	at org.hibernate.sql.results.internal.StandardRowReader.readRow(StandardRowReader.java:87)
	at org.hibernate.sql.results.spi.ListResultsConsumer.consume(ListResultsConsumer.java:205)
	at org.hibernate.sql.results.spi.ListResultsConsumer.consume(ListResultsConsumer.java:33)
	at org.hibernate.sql.exec.internal.JdbcSelectExecutorStandardImpl.doExecuteQuery(JdbcSelectExecutorStandardImpl.java:211)
	at org.hibernate.sql.exec.internal.JdbcSelectExecutorStandardImpl.executeQuery(JdbcSelectExecutorStandardImpl.java:83)
	at org.hibernate.sql.exec.spi.JdbcSelectExecutor.list(JdbcSelectExecutor.java:76)
	at org.hibernate.sql.exec.spi.JdbcSelectExecutor.list(JdbcSelectExecutor.java:65)
	at org.hibernate.query.sqm.internal.ConcreteSqmSelectQueryPlan.lambda$new$2(ConcreteSqmSelectQueryPlan.java:139)
	at org.hibernate.query.sqm.internal.ConcreteSqmSelectQueryPlan.withCacheableSqmInterpretation(ConcreteSqmSelectQueryPlan.java:382)
	at org.hibernate.query.sqm.internal.ConcreteSqmSelectQueryPlan.performList(ConcreteSqmSelectQueryPlan.java:302)
	at org.hibernate.query.sqm.internal.QuerySqmImpl.doList(QuerySqmImpl.java:526)
	at org.hibernate.query.spi.AbstractSelectionQuery.list(AbstractSelectionQuery.java:423)
	at org.hibernate.query.spi.AbstractSelectionQuery.getSingleResult(AbstractSelectionQuery.java:555)
	at java.base/jdk.internal.reflect.DirectMethodHandleAccessor.invoke(DirectMethodHandleAccessor.java:103)
	at java.base/java.lang.reflect.Method.invoke(Method.java:580)
	at org.springframework.orm.jpa.SharedEntityManagerCreator$DeferredQueryInvocationHandler.invoke(SharedEntityManagerCreator.java:418)
	at jdk.proxy5/jdk.proxy5.$Proxy252.getSingleResult(Unknown Source)
	at org.springframework.data.jpa.repository.query.JpaQueryExecution$SingleEntityExecution.doExecute(JpaQueryExecution.java:223)
	at org.springframework.data.jpa.repository.query.JpaQueryExecution.execute(JpaQueryExecution.java:92)
	at org.springframework.data.jpa.repository.query.AbstractJpaQuery.doExecute(AbstractJpaQuery.java:152)
	at org.springframework.data.jpa.repository.query.AbstractJpaQuery.execute(AbstractJpaQuery.java:140)
	at org.springframework.data.repository.core.support.RepositoryMethodInvoker.doInvoke(RepositoryMethodInvoker.java:170)
	at org.springframework.data.repository.core.support.RepositoryMethodInvoker.invoke(RepositoryMethodInvoker.java:158)
	at org.springframework.data.repository.core.support.QueryExecutorMethodInterceptor.doInvoke(QueryExecutorMethodInterceptor.java:164)
	at org.springframework.data.repository.core.support.QueryExecutorMethodInterceptor.invoke(QueryExecutorMethodInterceptor.java:143)
	at org.springframework.aop.framework.ReflectiveMethodInvocation.proceed(ReflectiveMethodInvocation.java:184)
	at org.springframework.data.projection.DefaultMethodInvokingMethodInterceptor.invoke(DefaultMethodInvokingMethodInterceptor.java:70)
	at org.springframework.aop.framework.ReflectiveMethodInvocation.proceed(ReflectiveMethodInvocation.java:184)
	at org.springframework.transaction.interceptor.TransactionInterceptor$1.proceedWithInvocation(TransactionInterceptor.java:123)
	at org.springframework.transaction.interceptor.TransactionAspectSupport.invokeWithinTransaction(TransactionAspectSupport.java:392)
	at org.springframework.transaction.interceptor.TransactionInterceptor.invoke(TransactionInterceptor.java:119)
	at org.springframework.aop.framework.ReflectiveMethodInvocation.proceed(ReflectiveMethodInvocation.java:184)
	at org.springframework.dao.support.PersistenceExceptionTranslationInterceptor.invoke(PersistenceExceptionTranslationInterceptor.java:138)
	... 36 common frames omitted
2024-07-04 18:17:55.283 [pool-10-thread-4] ERROR m.o.a.p.m.m.s.e.MissionExecutionServiceImpl - Error processing shapefiles for mission 5c384f1a-909e-4575-82b4-d3a4f2dd8f05: [title]Invalid Shapefile[/title][mainMessage]Error processing shapefile: More than one row with the given identifier was found: 8fa11bba-014a-4821-b297-304673006c24, for class: ma.org.ancfcc.pva.modules.mission.photo.execution.PhotoExecution[/mainMessage][subMessage]Please check the mission execution attributes[/subMessage]
ma.org.ancfcc.pva.core.exceptions.handlers.ShapefileProcessingException: [title]Invalid Shapefile[/title][mainMessage]Error processing shapefile: More than one row with the given identifier was found: 8fa11bba-014a-4821-b297-304673006c24, for class: ma.org.ancfcc.pva.modules.mission.photo.execution.PhotoExecution[/mainMessage][subMessage]Please check the mission execution attributes[/subMessage]
	at ma.org.ancfcc.pva.modules.mission.service.execution.MissionExecutionServiceImpl.processNumeriqueFeature(MissionExecutionServiceImpl.java:134)
	at ma.org.ancfcc.pva.modules.mission.service.execution.MissionExecutionServiceImpl.processNumeriqueShapefiles(MissionExecutionServiceImpl.java:109)
	at ma.org.ancfcc.pva.modules.mission.service.execution.MissionExecutionServiceImpl.uploadNumeriqueExecutionShapefile(MissionExecutionServiceImpl.java:94)
	at java.base/jdk.internal.reflect.DirectMethodHandleAccessor.invoke(DirectMethodHandleAccessor.java:103)
	at java.base/java.lang.reflect.Method.invoke(Method.java:580)
	at org.springframework.aop.support.AopUtils.invokeJoinpointUsingReflection(AopUtils.java:354)
	at org.springframework.aop.framework.CglibAopProxy$DynamicAdvisedInterceptor.intercept(CglibAopProxy.java:716)
	at ma.org.ancfcc.pva.modules.mission.service.execution.MissionExecutionServiceImpl$$SpringCGLIB$$0.uploadNumeriqueExecutionShapefile(<generated>)
	at ma.org.ancfcc.pva.seeder.data.mission.MissionLevelTwoSeeder.uploadExecutionShapefiles(MissionLevelTwoSeeder.java:259)
	at ma.org.ancfcc.pva.seeder.data.mission.MissionLevelTwoSeeder.processExecutionDateFolder(MissionLevelTwoSeeder.java:246)
	at ma.org.ancfcc.pva.seeder.data.mission.MissionLevelTwoSeeder.processNumeriqueExecutionMissionFiles(MissionLevelTwoSeeder.java:233)
	at ma.org.ancfcc.pva.seeder.data.mission.MissionLevelTwoSeeder.handleMission(MissionLevelTwoSeeder.java:180)
	at ma.org.ancfcc.pva.seeder.data.mission.MissionLevelTwoSeeder.lambda$9(MissionLevelTwoSeeder.java:153)
	at java.base/java.util.Optional.ifPresentOrElse(Optional.java:196)
	at ma.org.ancfcc.pva.seeder.data.mission.MissionLevelTwoSeeder.processNumeriqueMissionFolder(MissionLevelTwoSeeder.java:152)
	at ma.org.ancfcc.pva.seeder.data.mission.MissionLevelTwoSeeder.lambda$8(MissionLevelTwoSeeder.java:134)
	at java.base/java.util.concurrent.Executors$RunnableAdapter.call(Executors.java:572)
	at java.base/java.util.concurrent.FutureTask.run(FutureTask.java:317)
	at java.base/java.util.concurrent.ThreadPoolExecutor.runWorker(ThreadPoolExecutor.java:1144)
	at java.base/java.util.concurrent.ThreadPoolExecutor$Worker.run(ThreadPoolExecutor.java:642)
	at java.base/java.lang.Thread.run(Thread.java:1570)
2024-07-04 18:19:34.455 [pool-10-thread-7] ERROR m.o.a.p.m.m.s.e.MissionExecutionServiceImpl - Error while creating execution from shapefile: More than one row with the given identifier was found: 4c14d30c-3940-41b5-9d02-dde2c9980596, for class: ma.org.ancfcc.pva.modules.mission.photo.execution.PhotoExecution
org.springframework.orm.jpa.JpaSystemException: More than one row with the given identifier was found: 4c14d30c-3940-41b5-9d02-dde2c9980596, for class: ma.org.ancfcc.pva.modules.mission.photo.execution.PhotoExecution
	at org.springframework.orm.jpa.vendor.HibernateJpaDialect.convertHibernateAccessException(HibernateJpaDialect.java:341)
	at org.springframework.orm.jpa.vendor.HibernateJpaDialect.translateExceptionIfPossible(HibernateJpaDialect.java:241)
	at org.springframework.orm.jpa.AbstractEntityManagerFactoryBean.translateExceptionIfPossible(AbstractEntityManagerFactoryBean.java:550)
	at org.springframework.dao.support.ChainedPersistenceExceptionTranslator.translateExceptionIfPossible(ChainedPersistenceExceptionTranslator.java:61)
	at org.springframework.dao.support.DataAccessUtils.translateIfNecessary(DataAccessUtils.java:335)
	at org.springframework.dao.support.PersistenceExceptionTranslationInterceptor.invoke(PersistenceExceptionTranslationInterceptor.java:160)
	at org.springframework.aop.framework.ReflectiveMethodInvocation.proceed(ReflectiveMethodInvocation.java:184)
	at org.springframework.data.jpa.repository.support.CrudMethodMetadataPostProcessor$CrudMethodMetadataPopulatingMethodInterceptor.invoke(CrudMethodMetadataPostProcessor.java:136)
	at org.springframework.aop.framework.ReflectiveMethodInvocation.proceed(ReflectiveMethodInvocation.java:184)
	at org.springframework.aop.interceptor.ExposeInvocationInterceptor.invoke(ExposeInvocationInterceptor.java:97)
	at org.springframework.aop.framework.ReflectiveMethodInvocation.proceed(ReflectiveMethodInvocation.java:184)
	at org.springframework.aop.framework.JdkDynamicAopProxy.invoke(JdkDynamicAopProxy.java:223)
	at jdk.proxy5/jdk.proxy5.$Proxy244.findPhotoPlanificationByLabelAndBandeId(Unknown Source)
	at ma.org.ancfcc.pva.modules.mission.photo.planification.service.PhotoPlanificationServiceImpl.findPhotoPlanificationByLabelAndBandeId(PhotoPlanificationServiceImpl.java:106)
	at java.base/jdk.internal.reflect.DirectMethodHandleAccessor.invoke(DirectMethodHandleAccessor.java:103)
	at java.base/java.lang.reflect.Method.invoke(Method.java:580)
	at org.springframework.aop.support.AopUtils.invokeJoinpointUsingReflection(AopUtils.java:354)
	at org.springframework.aop.framework.CglibAopProxy$DynamicAdvisedInterceptor.intercept(CglibAopProxy.java:716)
	at ma.org.ancfcc.pva.modules.mission.photo.planification.service.PhotoPlanificationServiceImpl$$SpringCGLIB$$0.findPhotoPlanificationByLabelAndBandeId(<generated>)
	at ma.org.ancfcc.pva.modules.mission.service.execution.MissionExecutionServiceImpl.getPhotoPlanificationByBandeAndMission(MissionExecutionServiceImpl.java:208)
	at ma.org.ancfcc.pva.modules.mission.service.execution.MissionExecutionServiceImpl.createPhotoExecutionFromShpFeature(MissionExecutionServiceImpl.java:176)
	at ma.org.ancfcc.pva.modules.mission.service.execution.MissionExecutionServiceImpl.processNumeriqueFeature(MissionExecutionServiceImpl.java:126)
	at ma.org.ancfcc.pva.modules.mission.service.execution.MissionExecutionServiceImpl.processNumeriqueShapefiles(MissionExecutionServiceImpl.java:109)
	at ma.org.ancfcc.pva.modules.mission.service.execution.MissionExecutionServiceImpl.uploadNumeriqueExecutionShapefile(MissionExecutionServiceImpl.java:94)
	at java.base/jdk.internal.reflect.DirectMethodHandleAccessor.invoke(DirectMethodHandleAccessor.java:103)
	at java.base/java.lang.reflect.Method.invoke(Method.java:580)
	at org.springframework.aop.support.AopUtils.invokeJoinpointUsingReflection(AopUtils.java:354)
	at org.springframework.aop.framework.CglibAopProxy$DynamicAdvisedInterceptor.intercept(CglibAopProxy.java:716)
	at ma.org.ancfcc.pva.modules.mission.service.execution.MissionExecutionServiceImpl$$SpringCGLIB$$0.uploadNumeriqueExecutionShapefile(<generated>)
	at ma.org.ancfcc.pva.seeder.data.mission.MissionLevelTwoSeeder.uploadExecutionShapefiles(MissionLevelTwoSeeder.java:259)
	at ma.org.ancfcc.pva.seeder.data.mission.MissionLevelTwoSeeder.processExecutionDateFolder(MissionLevelTwoSeeder.java:246)
	at ma.org.ancfcc.pva.seeder.data.mission.MissionLevelTwoSeeder.processNumeriqueExecutionMissionFiles(MissionLevelTwoSeeder.java:233)
	at ma.org.ancfcc.pva.seeder.data.mission.MissionLevelTwoSeeder.handleMission(MissionLevelTwoSeeder.java:180)
	at ma.org.ancfcc.pva.seeder.data.mission.MissionLevelTwoSeeder.lambda$9(MissionLevelTwoSeeder.java:153)
	at java.base/java.util.Optional.ifPresentOrElse(Optional.java:196)
	at ma.org.ancfcc.pva.seeder.data.mission.MissionLevelTwoSeeder.processNumeriqueMissionFolder(MissionLevelTwoSeeder.java:152)
	at ma.org.ancfcc.pva.seeder.data.mission.MissionLevelTwoSeeder.lambda$8(MissionLevelTwoSeeder.java:134)
	at java.base/java.util.concurrent.Executors$RunnableAdapter.call(Executors.java:572)
	at java.base/java.util.concurrent.FutureTask.run(FutureTask.java:317)
	at java.base/java.util.concurrent.ThreadPoolExecutor.runWorker(ThreadPoolExecutor.java:1144)
	at java.base/java.util.concurrent.ThreadPoolExecutor$Worker.run(ThreadPoolExecutor.java:642)
	at java.base/java.lang.Thread.run(Thread.java:1570)
Caused by: org.hibernate.HibernateException: More than one row with the given identifier was found: 4c14d30c-3940-41b5-9d02-dde2c9980596, for class: ma.org.ancfcc.pva.modules.mission.photo.execution.PhotoExecution
	at org.hibernate.loader.ast.internal.SingleUniqueKeyEntityLoaderStandard.load(SingleUniqueKeyEntityLoaderStandard.java:146)
	at org.hibernate.persister.entity.AbstractEntityPersister.loadByUniqueKey(AbstractEntityPersister.java:2645)
	at org.hibernate.persister.entity.AbstractEntityPersister.loadByUniqueKey(AbstractEntityPersister.java:2637)
	at org.hibernate.sql.results.graph.entity.internal.EntitySelectFetchByUniqueKeyInitializer.initializeInstance(EntitySelectFetchByUniqueKeyInitializer.java:96)
	at org.hibernate.sql.results.internal.InitializersList.initializeInstance(InitializersList.java:73)
	at org.hibernate.sql.results.internal.StandardRowReader.coordinateInitializers(StandardRowReader.java:113)
	at org.hibernate.sql.results.internal.StandardRowReader.readRow(StandardRowReader.java:87)
	at org.hibernate.sql.results.spi.ListResultsConsumer.consume(ListResultsConsumer.java:205)
	at org.hibernate.sql.results.spi.ListResultsConsumer.consume(ListResultsConsumer.java:33)
	at org.hibernate.sql.exec.internal.JdbcSelectExecutorStandardImpl.doExecuteQuery(JdbcSelectExecutorStandardImpl.java:211)
	at org.hibernate.sql.exec.internal.JdbcSelectExecutorStandardImpl.executeQuery(JdbcSelectExecutorStandardImpl.java:83)
	at org.hibernate.sql.exec.spi.JdbcSelectExecutor.list(JdbcSelectExecutor.java:76)
	at org.hibernate.sql.exec.spi.JdbcSelectExecutor.list(JdbcSelectExecutor.java:65)
	at org.hibernate.query.sqm.internal.ConcreteSqmSelectQueryPlan.lambda$new$2(ConcreteSqmSelectQueryPlan.java:139)
	at org.hibernate.query.sqm.internal.ConcreteSqmSelectQueryPlan.withCacheableSqmInterpretation(ConcreteSqmSelectQueryPlan.java:382)
	at org.hibernate.query.sqm.internal.ConcreteSqmSelectQueryPlan.performList(ConcreteSqmSelectQueryPlan.java:302)
	at org.hibernate.query.sqm.internal.QuerySqmImpl.doList(QuerySqmImpl.java:526)
	at org.hibernate.query.spi.AbstractSelectionQuery.list(AbstractSelectionQuery.java:423)
	at org.hibernate.query.spi.AbstractSelectionQuery.getSingleResult(AbstractSelectionQuery.java:555)
	at java.base/jdk.internal.reflect.DirectMethodHandleAccessor.invoke(DirectMethodHandleAccessor.java:103)
	at java.base/java.lang.reflect.Method.invoke(Method.java:580)
	at org.springframework.orm.jpa.SharedEntityManagerCreator$DeferredQueryInvocationHandler.invoke(SharedEntityManagerCreator.java:418)
	at jdk.proxy5/jdk.proxy5.$Proxy252.getSingleResult(Unknown Source)
	at org.springframework.data.jpa.repository.query.JpaQueryExecution$SingleEntityExecution.doExecute(JpaQueryExecution.java:223)
	at org.springframework.data.jpa.repository.query.JpaQueryExecution.execute(JpaQueryExecution.java:92)
	at org.springframework.data.jpa.repository.query.AbstractJpaQuery.doExecute(AbstractJpaQuery.java:152)
	at org.springframework.data.jpa.repository.query.AbstractJpaQuery.execute(AbstractJpaQuery.java:140)
	at org.springframework.data.repository.core.support.RepositoryMethodInvoker.doInvoke(RepositoryMethodInvoker.java:170)
	at org.springframework.data.repository.core.support.RepositoryMethodInvoker.invoke(RepositoryMethodInvoker.java:158)
	at org.springframework.data.repository.core.support.QueryExecutorMethodInterceptor.doInvoke(QueryExecutorMethodInterceptor.java:164)
	at org.springframework.data.repository.core.support.QueryExecutorMethodInterceptor.invoke(QueryExecutorMethodInterceptor.java:143)
	at org.springframework.aop.framework.ReflectiveMethodInvocation.proceed(ReflectiveMethodInvocation.java:184)
	at org.springframework.data.projection.DefaultMethodInvokingMethodInterceptor.invoke(DefaultMethodInvokingMethodInterceptor.java:70)
	at org.springframework.aop.framework.ReflectiveMethodInvocation.proceed(ReflectiveMethodInvocation.java:184)
	at org.springframework.transaction.interceptor.TransactionInterceptor$1.proceedWithInvocation(TransactionInterceptor.java:123)
	at org.springframework.transaction.interceptor.TransactionAspectSupport.invokeWithinTransaction(TransactionAspectSupport.java:392)
	at org.springframework.transaction.interceptor.TransactionInterceptor.invoke(TransactionInterceptor.java:119)
	at org.springframework.aop.framework.ReflectiveMethodInvocation.proceed(ReflectiveMethodInvocation.java:184)
	at org.springframework.dao.support.PersistenceExceptionTranslationInterceptor.invoke(PersistenceExceptionTranslationInterceptor.java:138)
	... 36 common frames omitted
2024-07-04 18:19:34.456 [pool-10-thread-7] ERROR m.o.a.p.m.m.s.e.MissionExecutionServiceImpl - Error processing shapefiles for mission 730e0e02-be7c-4bb8-b351-661c5a3c3692: [title]Invalid Shapefile[/title][mainMessage]Error processing shapefile: More than one row with the given identifier was found: 4c14d30c-3940-41b5-9d02-dde2c9980596, for class: ma.org.ancfcc.pva.modules.mission.photo.execution.PhotoExecution[/mainMessage][subMessage]Please check the mission execution attributes[/subMessage]
ma.org.ancfcc.pva.core.exceptions.handlers.ShapefileProcessingException: [title]Invalid Shapefile[/title][mainMessage]Error processing shapefile: More than one row with the given identifier was found: 4c14d30c-3940-41b5-9d02-dde2c9980596, for class: ma.org.ancfcc.pva.modules.mission.photo.execution.PhotoExecution[/mainMessage][subMessage]Please check the mission execution attributes[/subMessage]
	at ma.org.ancfcc.pva.modules.mission.service.execution.MissionExecutionServiceImpl.processNumeriqueFeature(MissionExecutionServiceImpl.java:134)
	at ma.org.ancfcc.pva.modules.mission.service.execution.MissionExecutionServiceImpl.processNumeriqueShapefiles(MissionExecutionServiceImpl.java:109)
	at ma.org.ancfcc.pva.modules.mission.service.execution.MissionExecutionServiceImpl.uploadNumeriqueExecutionShapefile(MissionExecutionServiceImpl.java:94)
	at java.base/jdk.internal.reflect.DirectMethodHandleAccessor.invoke(DirectMethodHandleAccessor.java:103)
	at java.base/java.lang.reflect.Method.invoke(Method.java:580)
	at org.springframework.aop.support.AopUtils.invokeJoinpointUsingReflection(AopUtils.java:354)
	at org.springframework.aop.framework.CglibAopProxy$DynamicAdvisedInterceptor.intercept(CglibAopProxy.java:716)
	at ma.org.ancfcc.pva.modules.mission.service.execution.MissionExecutionServiceImpl$$SpringCGLIB$$0.uploadNumeriqueExecutionShapefile(<generated>)
	at ma.org.ancfcc.pva.seeder.data.mission.MissionLevelTwoSeeder.uploadExecutionShapefiles(MissionLevelTwoSeeder.java:259)
	at ma.org.ancfcc.pva.seeder.data.mission.MissionLevelTwoSeeder.processExecutionDateFolder(MissionLevelTwoSeeder.java:246)
	at ma.org.ancfcc.pva.seeder.data.mission.MissionLevelTwoSeeder.processNumeriqueExecutionMissionFiles(MissionLevelTwoSeeder.java:233)
	at ma.org.ancfcc.pva.seeder.data.mission.MissionLevelTwoSeeder.handleMission(MissionLevelTwoSeeder.java:180)
	at ma.org.ancfcc.pva.seeder.data.mission.MissionLevelTwoSeeder.lambda$9(MissionLevelTwoSeeder.java:153)
	at java.base/java.util.Optional.ifPresentOrElse(Optional.java:196)
	at ma.org.ancfcc.pva.seeder.data.mission.MissionLevelTwoSeeder.processNumeriqueMissionFolder(MissionLevelTwoSeeder.java:152)
	at ma.org.ancfcc.pva.seeder.data.mission.MissionLevelTwoSeeder.lambda$8(MissionLevelTwoSeeder.java:134)
	at java.base/java.util.concurrent.Executors$RunnableAdapter.call(Executors.java:572)
	at java.base/java.util.concurrent.FutureTask.run(FutureTask.java:317)
	at java.base/java.util.concurrent.ThreadPoolExecutor.runWorker(ThreadPoolExecutor.java:1144)
	at java.base/java.util.concurrent.ThreadPoolExecutor$Worker.run(ThreadPoolExecutor.java:642)
	at java.base/java.lang.Thread.run(Thread.java:1570)
2024-07-04 18:23:24.288 [pool-9-thread-1] ERROR m.o.a.p.m.m.s.e.MissionExecutionServiceImpl - Error while validating prj file: org.springframework.orm.jpa.JpaSystemException: More than one row with the given identifier was found: a8d53a80-6b1f-47c9-badc-ed1ebf3d04a2, for class: ma.org.ancfcc.pva.modules.mission.photo.execution.PhotoExecution
java.util.concurrent.CompletionException: org.springframework.orm.jpa.JpaSystemException: More than one row with the given identifier was found: a8d53a80-6b1f-47c9-badc-ed1ebf3d04a2, for class: ma.org.ancfcc.pva.modules.mission.photo.execution.PhotoExecution
	at java.base/java.util.concurrent.CompletableFuture.encodeThrowable(CompletableFuture.java:315)
	at java.base/java.util.concurrent.CompletableFuture.completeThrowable(CompletableFuture.java:320)
	at java.base/java.util.concurrent.CompletableFuture$AsyncRun.run(CompletableFuture.java:1807)
	at java.base/java.util.concurrent.ThreadPoolExecutor.runWorker(ThreadPoolExecutor.java:1144)
	at java.base/java.util.concurrent.ThreadPoolExecutor$Worker.run(ThreadPoolExecutor.java:642)
	at java.base/java.lang.Thread.run(Thread.java:1570)
Caused by: org.springframework.orm.jpa.JpaSystemException: More than one row with the given identifier was found: a8d53a80-6b1f-47c9-badc-ed1ebf3d04a2, for class: ma.org.ancfcc.pva.modules.mission.photo.execution.PhotoExecution
	at org.springframework.orm.jpa.vendor.HibernateJpaDialect.convertHibernateAccessException(HibernateJpaDialect.java:341)
	at org.springframework.orm.jpa.vendor.HibernateJpaDialect.translateExceptionIfPossible(HibernateJpaDialect.java:241)
	at org.springframework.orm.jpa.AbstractEntityManagerFactoryBean.translateExceptionIfPossible(AbstractEntityManagerFactoryBean.java:550)
	at org.springframework.dao.support.ChainedPersistenceExceptionTranslator.translateExceptionIfPossible(ChainedPersistenceExceptionTranslator.java:61)
	at org.springframework.dao.support.DataAccessUtils.translateIfNecessary(DataAccessUtils.java:335)
	at org.springframework.dao.support.PersistenceExceptionTranslationInterceptor.invoke(PersistenceExceptionTranslationInterceptor.java:160)
	at org.springframework.aop.framework.ReflectiveMethodInvocation.proceed(ReflectiveMethodInvocation.java:184)
	at org.springframework.data.jpa.repository.support.CrudMethodMetadataPostProcessor$CrudMethodMetadataPopulatingMethodInterceptor.invoke(CrudMethodMetadataPostProcessor.java:136)
	at org.springframework.aop.framework.ReflectiveMethodInvocation.proceed(ReflectiveMethodInvocation.java:184)
	at org.springframework.aop.interceptor.ExposeInvocationInterceptor.invoke(ExposeInvocationInterceptor.java:97)
	at org.springframework.aop.framework.ReflectiveMethodInvocation.proceed(ReflectiveMethodInvocation.java:184)
	at org.springframework.aop.framework.JdkDynamicAopProxy.invoke(JdkDynamicAopProxy.java:223)
	at jdk.proxy5/jdk.proxy5.$Proxy244.findPhotoPlanificationByNomAndBandeNomAndMissionCode(Unknown Source)
	at ma.org.ancfcc.pva.modules.mission.photo.planification.service.PhotoPlanificationServiceImpl.findPhotoPlanificationByNomAndBandeNomAndMissionCode(PhotoPlanificationServiceImpl.java:112)
	at java.base/jdk.internal.reflect.DirectMethodHandleAccessor.invoke(DirectMethodHandleAccessor.java:103)
	at java.base/java.lang.reflect.Method.invoke(Method.java:580)
	at org.springframework.aop.support.AopUtils.invokeJoinpointUsingReflection(AopUtils.java:354)
	at org.springframework.aop.framework.CglibAopProxy$DynamicAdvisedInterceptor.intercept(CglibAopProxy.java:716)
	at ma.org.ancfcc.pva.modules.mission.photo.planification.service.PhotoPlanificationServiceImpl$$SpringCGLIB$$0.findPhotoPlanificationByNomAndBandeNomAndMissionCode(<generated>)
	at ma.org.ancfcc.pva.modules.mission.service.execution.MissionExecutionServiceImpl.processMissionEOFeature(MissionExecutionServiceImpl.java:265)
	at ma.org.ancfcc.pva.modules.mission.service.execution.MissionExecutionServiceImpl.lambda$3(MissionExecutionServiceImpl.java:252)
	at ma.org.ancfcc.pva.core.threads.ThreadService.lambda$1(ThreadService.java:23)
	at java.base/java.util.concurrent.CompletableFuture$AsyncRun.run(CompletableFuture.java:1804)
	... 3 common frames omitted
Caused by: org.hibernate.HibernateException: More than one row with the given identifier was found: a8d53a80-6b1f-47c9-badc-ed1ebf3d04a2, for class: ma.org.ancfcc.pva.modules.mission.photo.execution.PhotoExecution
	at org.hibernate.loader.ast.internal.SingleUniqueKeyEntityLoaderStandard.load(SingleUniqueKeyEntityLoaderStandard.java:146)
	at org.hibernate.persister.entity.AbstractEntityPersister.loadByUniqueKey(AbstractEntityPersister.java:2645)
	at org.hibernate.persister.entity.AbstractEntityPersister.loadByUniqueKey(AbstractEntityPersister.java:2637)
	at org.hibernate.sql.results.graph.entity.internal.EntitySelectFetchByUniqueKeyInitializer.initializeInstance(EntitySelectFetchByUniqueKeyInitializer.java:96)
	at org.hibernate.sql.results.internal.InitializersList.initializeInstance(InitializersList.java:73)
	at org.hibernate.sql.results.internal.StandardRowReader.coordinateInitializers(StandardRowReader.java:113)
	at org.hibernate.sql.results.internal.StandardRowReader.readRow(StandardRowReader.java:87)
	at org.hibernate.sql.results.spi.ListResultsConsumer.consume(ListResultsConsumer.java:205)
	at org.hibernate.sql.results.spi.ListResultsConsumer.consume(ListResultsConsumer.java:33)
	at org.hibernate.sql.exec.internal.JdbcSelectExecutorStandardImpl.doExecuteQuery(JdbcSelectExecutorStandardImpl.java:211)
	at org.hibernate.sql.exec.internal.JdbcSelectExecutorStandardImpl.executeQuery(JdbcSelectExecutorStandardImpl.java:83)
	at org.hibernate.sql.exec.spi.JdbcSelectExecutor.list(JdbcSelectExecutor.java:76)
	at org.hibernate.sql.exec.spi.JdbcSelectExecutor.list(JdbcSelectExecutor.java:65)
	at org.hibernate.query.sqm.internal.ConcreteSqmSelectQueryPlan.lambda$new$2(ConcreteSqmSelectQueryPlan.java:139)
	at org.hibernate.query.sqm.internal.ConcreteSqmSelectQueryPlan.withCacheableSqmInterpretation(ConcreteSqmSelectQueryPlan.java:382)
	at org.hibernate.query.sqm.internal.ConcreteSqmSelectQueryPlan.performList(ConcreteSqmSelectQueryPlan.java:302)
	at org.hibernate.query.sqm.internal.QuerySqmImpl.doList(QuerySqmImpl.java:526)
	at org.hibernate.query.spi.AbstractSelectionQuery.list(AbstractSelectionQuery.java:423)
	at org.hibernate.query.spi.AbstractSelectionQuery.getSingleResult(AbstractSelectionQuery.java:555)
	at java.base/jdk.internal.reflect.DirectMethodHandleAccessor.invoke(DirectMethodHandleAccessor.java:103)
	at java.base/java.lang.reflect.Method.invoke(Method.java:580)
	at org.springframework.orm.jpa.SharedEntityManagerCreator$DeferredQueryInvocationHandler.invoke(SharedEntityManagerCreator.java:418)
	at jdk.proxy5/jdk.proxy5.$Proxy252.getSingleResult(Unknown Source)
	at org.springframework.data.jpa.repository.query.JpaQueryExecution$SingleEntityExecution.doExecute(JpaQueryExecution.java:223)
	at org.springframework.data.jpa.repository.query.JpaQueryExecution.execute(JpaQueryExecution.java:92)
	at org.springframework.data.jpa.repository.query.AbstractJpaQuery.doExecute(AbstractJpaQuery.java:152)
	at org.springframework.data.jpa.repository.query.AbstractJpaQuery.execute(AbstractJpaQuery.java:140)
	at org.springframework.data.repository.core.support.RepositoryMethodInvoker.doInvoke(RepositoryMethodInvoker.java:170)
	at org.springframework.data.repository.core.support.RepositoryMethodInvoker.invoke(RepositoryMethodInvoker.java:158)
	at org.springframework.data.repository.core.support.QueryExecutorMethodInterceptor.doInvoke(QueryExecutorMethodInterceptor.java:164)
	at org.springframework.data.repository.core.support.QueryExecutorMethodInterceptor.invoke(QueryExecutorMethodInterceptor.java:143)
	at org.springframework.aop.framework.ReflectiveMethodInvocation.proceed(ReflectiveMethodInvocation.java:184)
	at org.springframework.data.projection.DefaultMethodInvokingMethodInterceptor.invoke(DefaultMethodInvokingMethodInterceptor.java:70)
	at org.springframework.aop.framework.ReflectiveMethodInvocation.proceed(ReflectiveMethodInvocation.java:184)
	at org.springframework.transaction.interceptor.TransactionInterceptor$1.proceedWithInvocation(TransactionInterceptor.java:123)
	at org.springframework.transaction.interceptor.TransactionAspectSupport.invokeWithinTransaction(TransactionAspectSupport.java:392)
	at org.springframework.transaction.interceptor.TransactionInterceptor.invoke(TransactionInterceptor.java:119)
	at org.springframework.aop.framework.ReflectiveMethodInvocation.proceed(ReflectiveMethodInvocation.java:184)
	at org.springframework.dao.support.PersistenceExceptionTranslationInterceptor.invoke(PersistenceExceptionTranslationInterceptor.java:138)
	... 20 common frames omitted
